<?xml version="1.0" encoding="UTF-8"?>
<testsuites name="jest tests" tests="3" failures="0" errors="0" time="18.078">
  <testsuite name="Db query tests" errors="0" failures="0" skipped="0" timestamp="2025-03-11T14:38:30" time="17.369" tests="1">
    <testcase classname="Db query tests should return member data for a valid email address" name="Db query tests should return member data for a valid email address" time="0.058">
    </testcase>
  </testsuite>
  <testsuite name="sendEmail" errors="0" failures="0" skipped="0" timestamp="2025-03-11T14:38:48" time="0.121" tests="2">
    <testcase classname="sendEmail should send an email successfully" name="sendEmail should send an email successfully" time="0.001">
    </testcase>
    <testcase classname="sendEmail should throw an error if sending email fails" name="sendEmail should throw an error if sending email fails" time="0.016">
    </testcase>
  </testsuite>
</testsuites>